<?xml version="1.0" encoding="UTF-8"?>
<testsuite name="com.globallogic.microservice1.service.UsuarioServiceImplTest$CrearUsuario" tests="3" skipped="0" failures="0" errors="0" timestamp="2025-05-20T21:21:28" hostname="MacBook-Air-de-Augusto.local" time="0.094">
  <properties/>
  <testcase name="lanza excepción si email duplica" classname="com.globallogic.microservice1.service.UsuarioServiceImplTest$CrearUsuario" time="0.087"/>
  <testcase name="iniciarSesion actualiza lastLogin" classname="com.globallogic.microservice1.service.UsuarioServiceImplTest$CrearUsuario" time="0.004"/>
  <testcase name="crea usuario cuando email no existe" classname="com.globallogic.microservice1.service.UsuarioServiceImplTest$CrearUsuario" time="0.003"/>
  <system-out><![CDATA[]]></system-out>
  <system-err><![CDATA[]]></system-err>
</testsuite>
